# JRE version: OpenJDK Runtime Environment (11.0.10) (build 11.0.10+0-b96-7249189)
# Java VM: OpenJDK 64-Bit Server VM (11.0.10+0-b96-7249189, mixed mode, tiered, compressed oops, g1 gc, windows-amd64)
Heap:
 garbage-first heap   total 422912K, used 145312K [0x0000000080000000, 0x0000000100000000)
  region size 1024K, 2 young (2048K), 2 survivors (2048K)
 Metaspace       used 101952K, capacity 104603K, committed 104780K, reserved 1140736K
  class space    used 13112K, capacity 14093K, committed 14156K, reserved 1048576K
GC Heap History (20 events):
Event: 30.291 GC heap after
{Heap after GC invocations=38 (full 0):
 garbage-first heap   total 157696K, used 110827K [0x0000000080000000, 0x0000000100000000)
  region size 1024K, 4 young (4096K), 4 survivors (4096K)
 Metaspace       used 101061K, capacity 103839K, committed 104012K, reserved 1138688K
  class space    used 13056K, capacity 14044K, committed 14156K, reserved 1048576K
}
Event: 30.526 GC heap before
{Heap before GC invocations=38 (full 0):
 garbage-first heap   total 157696K, used 126187K [0x0000000080000000, 0x0000000100000000)
  region size 1024K, 20 young (20480K), 4 survivors (4096K)
 Metaspace       used 101072K, capacity 103840K, committed 104012K, reserved 1138688K
  class space    used 13056K, capacity 14044K, committed 14156K, reserved 1048576K
}
Event: 30.547 GC heap after
{Heap after GC invocations=39 (full 0):
 garbage-first heap   total 157696K, used 120458K [0x0000000080000000, 0x0000000100000000)
  region size 1024K, 3 young (3072K), 3 survivors (3072K)
 Metaspace       used 101072K, capacity 103840K, committed 104012K, reserved 1138688K
  class space    used 13056K, capacity 14044K, committed 14156K, reserved 1048576K
}
Event: 30.777 GC heap before
{Heap before GC invocations=40 (full 0):
 garbage-first heap   total 157696K, used 130698K [0x0000000080000000, 0x0000000100000000)
  region size 1024K, 13 young (13312K), 3 survivors (3072K)
 Metaspace       used 101111K, capacity 103842K, committed 104012K, reserved 1138688K
  class space    used 13058K, capacity 14044K, committed 14156K, reserved 1048576K
}
Event: 30.795 GC heap after
{Heap after GC invocations=41 (full 0):
 garbage-first heap   total 199680K, used 126865K [0x0000000080000000, 0x0000000100000000)
  region size 1024K, 2 young (2048K), 2 survivors (2048K)
 Metaspace       used 101111K, capacity 103842K, committed 104012K, reserved 1138688K
  class space    used 13058K, capacity 14044K, committed 14156K, reserved 1048576K
}
Event: 31.080 GC heap before
{Heap before GC invocations=41 (full 0):
 garbage-first heap   total 199680K, used 141201K [0x0000000080000000, 0x0000000100000000)
  region size 1024K, 17 young (17408K), 2 survivors (2048K)
 Metaspace       used 101286K, capacity 103995K, committed 104268K, reserved 1138688K
  class space    used 13070K, capacity 14048K, committed 14156K, reserved 1048576K
}
Event: 31.092 GC heap after
{Heap after GC invocations=42 (full 0):
 garbage-first heap   total 199680K, used 129622K [0x0000000080000000, 0x0000000100000000)
  region size 1024K, 3 young (3072K), 3 survivors (3072K)
 Metaspace       used 101286K, capacity 103995K, committed 104268K, reserved 1138688K
  class space    used 13070K, capacity 14048K, committed 14156K, reserved 1048576K
}
Event: 31.427 GC heap before
{Heap before GC invocations=42 (full 0):
 garbage-first heap   total 199680K, used 148021K [0x0000000080000000, 0x0000000100000000)
  region size 1024K, 23 young (23552K), 3 survivors (3072K)
 Metaspace       used 101579K, capacity 104282K, committed 104524K, reserved 1140736K
  class space    used 13101K, capacity 14088K, committed 14156K, reserved 1048576K
}
Event: 31.441 GC heap after
{Heap after GC invocations=43 (full 0):
 garbage-first heap   total 199680K, used 128623K [0x0000000080000000, 0x0000000100000000)
  region size 1024K, 3 young (3072K), 3 survivors (3072K)
 Metaspace       used 101579K, capacity 104282K, committed 104524K, reserved 1140736K
  class space    used 13101K, capacity 14088K, committed 14156K, reserved 1048576K
}
Event: 31.665 GC heap before
{Heap before GC invocations=44 (full 0):
 garbage-first heap   total 199680K, used 150127K [0x0000000080000000, 0x0000000100000000)
  region size 1024K, 25 young (25600K), 3 survivors (3072K)
 Metaspace       used 101650K, capacity 104358K, committed 104524K, reserved 1140736K
  class space    used 13103K, capacity 14090K, committed 14156K, reserved 1048576K
}
Event: 31.675 GC heap after
{Heap after GC invocations=45 (full 0):
 garbage-first heap   total 199680K, used 131639K [0x0000000080000000, 0x0000000100000000)
  region size 1024K, 3 young (3072K), 3 survivors (3072K)
 Metaspace       used 101650K, capacity 104358K, committed 104524K, reserved 1140736K
  class space    used 13103K, capacity 14090K, committed 14156K, reserved 1048576K
}
Event: 31.728 GC heap before
{Heap before GC invocations=45 (full 0):
 garbage-first heap   total 199680K, used 136759K [0x0000000080000000, 0x0000000100000000)
  region size 1024K, 9 young (9216K), 3 survivors (3072K)
 Metaspace       used 101675K, capacity 104360K, committed 104524K, reserved 1140736K
  class space    used 13105K, capacity 14090K, committed 14156K, reserved 1048576K
}
Event: 31.742 GC heap after
{Heap after GC invocations=46 (full 0):
 garbage-first heap   total 245760K, used 128243K [0x0000000080000000, 0x0000000100000000)
  region size 1024K, 2 young (2048K), 2 survivors (2048K)
 Metaspace       used 101675K, capacity 104360K, committed 104524K, reserved 1140736K
  class space    used 13105K, capacity 14090K, committed 14156K, reserved 1048576K
}
Event: 31.935 GC heap before
{Heap before GC invocations=46 (full 0):
 garbage-first heap   total 245760K, used 159987K [0x0000000080000000, 0x0000000100000000)
  region size 1024K, 35 young (35840K), 2 survivors (2048K)
 Metaspace       used 101744K, capacity 104510K, committed 104780K, reserved 1140736K
  class space    used 13105K, capacity 14091K, committed 14156K, reserved 1048576K
}
Event: 31.965 GC heap after
{Heap after GC invocations=47 (full 0):
 garbage-first heap   total 245760K, used 134635K [0x0000000080000000, 0x0000000100000000)
  region size 1024K, 5 young (5120K), 5 survivors (5120K)
 Metaspace       used 101744K, capacity 104510K, committed 104780K, reserved 1140736K
  class space    used 13105K, capacity 14091K, committed 14156K, reserved 1048576K
}
Event: 32.481 GC heap before
{Heap before GC invocations=48 (full 0):
 garbage-first heap   total 245760K, used 170475K [0x0000000080000000, 0x0000000100000000)
  region size 1024K, 40 young (40960K), 5 survivors (5120K)
 Metaspace       used 101793K, capacity 104507K, committed 104780K, reserved 1140736K
  class space    used 13104K, capacity 14089K, committed 14156K, reserved 1048576K
}
Event: 32.518 GC heap after
{Heap after GC invocations=49 (full 0):
 garbage-first heap   total 245760K, used 139640K [0x0000000080000000, 0x0000000100000000)
  region size 1024K, 4 young (4096K), 4 survivors (4096K)
 Metaspace       used 101793K, capacity 104507K, committed 104780K, reserved 1140736K
  class space    used 13104K, capacity 14089K, committed 14156K, reserved 1048576K
}
Event: 33.392 GC heap before
{Heap before GC invocations=50 (full 0):
 garbage-first heap   total 245760K, used 181624K [0x0000000080000000, 0x0000000100000000)
  region size 1024K, 42 young (43008K), 4 survivors (4096K)
 Metaspace       used 101948K, capacity 104603K, committed 104780K, reserved 1140736K
  class space    used 13112K, capacity 14093K, committed 14156K, reserved 1048576K
}
Event: 33.405 GC heap after
{Heap after GC invocations=51 (full 0):
 garbage-first heap   total 245760K, used 149247K [0x0000000080000000, 0x0000000100000000)
  region size 1024K, 6 young (6144K), 6 survivors (6144K)
 Metaspace       used 101948K, capacity 104603K, committed 104780K, reserved 1140736K
  class space    used 13112K, capacity 14093K, committed 14156K, reserved 1048576K
}
Event: 33.431 GC heap before
{Heap before GC invocations=51 (full 0):
 garbage-first heap   total 245760K, used 154367K [0x0000000080000000, 0x0000000100000000)
  region size 1024K, 12 young (12288K), 6 survivors (6144K)
 Metaspace       used 101952K, capacity 104603K, committed 104780K, reserved 1140736K
  class space    used 13112K, capacity 14093K, committed 14156K, reserved 1048576K
}

