# JRE version: OpenJDK Runtime Environment (11.0.10) (build 11.0.10+0-b96-7249189)
# Java VM: OpenJDK 64-Bit Server VM (11.0.10+0-b96-7249189, mixed mode, tiered, compressed oops, g1 gc, windows-amd64)
Heap:
 garbage-first heap   total 489472K, used 192027K [0x0000000080000000, 0x0000000100000000)
  region size 1024K, 6 young (6144K), 6 survivors (6144K)
 Metaspace       used 116932K, capacity 120719K, committed 120832K, reserved 1153024K
  class space    used 15176K, capacity 16541K, committed 16640K, reserved 1048576K
GC Heap History (20 events):
Event: 39.528 GC heap after
{Heap after GC invocations=46 (full 0):
 garbage-first heap   total 189440K, used 156603K [0x0000000080000000, 0x0000000100000000)
  region size 1024K, 2 young (2048K), 2 survivors (2048K)
 Metaspace       used 109766K, capacity 113031K, committed 113280K, reserved 1146880K
  class space    used 14223K, capacity 15375K, committed 15488K, reserved 1048576K
}
Event: 39.673 GC heap before
{Heap before GC invocations=46 (full 0):
 garbage-first heap   total 189440K, used 163771K [0x0000000080000000, 0x0000000100000000)
  region size 1024K, 9 young (9216K), 2 survivors (2048K)
 Metaspace       used 109780K, capacity 113034K, committed 113280K, reserved 1146880K
  class space    used 14223K, capacity 15375K, committed 15488K, reserved 1048576K
}
Event: 39.680 GC heap after
{Heap after GC invocations=47 (full 0):
 garbage-first heap   total 189440K, used 160574K [0x0000000080000000, 0x0000000100000000)
  region size 1024K, 2 young (2048K), 2 survivors (2048K)
 Metaspace       used 109780K, capacity 113034K, committed 113280K, reserved 1146880K
  class space    used 14223K, capacity 15375K, committed 15488K, reserved 1048576K
}
Event: 39.956 GC heap before
{Heap before GC invocations=48 (full 0):
 garbage-first heap   total 189440K, used 167742K [0x0000000080000000, 0x0000000100000000)
  region size 1024K, 9 young (9216K), 2 survivors (2048K)
 Metaspace       used 110142K, capacity 113383K, committed 113536K, reserved 1146880K
  class space    used 14263K, capacity 15420K, committed 15488K, reserved 1048576K
}
Event: 39.964 GC heap after
{Heap after GC invocations=49 (full 0):
 garbage-first heap   total 227328K, used 163352K [0x0000000080000000, 0x0000000100000000)
  region size 1024K, 2 young (2048K), 2 survivors (2048K)
 Metaspace       used 110142K, capacity 113383K, committed 113536K, reserved 1146880K
  class space    used 14263K, capacity 15420K, committed 15488K, reserved 1048576K
}
Event: 40.119 GC heap before
{Heap before GC invocations=49 (full 0):
 garbage-first heap   total 227328K, used 172568K [0x0000000080000000, 0x0000000100000000)
  region size 1024K, 11 young (11264K), 2 survivors (2048K)
 Metaspace       used 111002K, capacity 114261K, committed 114432K, reserved 1148928K
  class space    used 14391K, capacity 15560K, committed 15616K, reserved 1048576K
}
Event: 40.126 GC heap after
{Heap after GC invocations=50 (full 0):
 garbage-first heap   total 227328K, used 165374K [0x0000000080000000, 0x0000000100000000)
  region size 1024K, 2 young (2048K), 2 survivors (2048K)
 Metaspace       used 111002K, capacity 114261K, committed 114432K, reserved 1148928K
  class space    used 14391K, capacity 15560K, committed 15616K, reserved 1048576K
}
Event: 40.446 GC heap before
{Heap before GC invocations=50 (full 0):
 garbage-first heap   total 227328K, used 179710K [0x0000000080000000, 0x0000000100000000)
  region size 1024K, 17 young (17408K), 2 survivors (2048K)
 Metaspace       used 111680K, capacity 115019K, committed 115328K, reserved 1148928K
  class space    used 14478K, capacity 15680K, committed 15744K, reserved 1048576K
}
Event: 40.458 GC heap after
{Heap after GC invocations=51 (full 0):
 garbage-first heap   total 227328K, used 167123K [0x0000000080000000, 0x0000000100000000)
  region size 1024K, 2 young (2048K), 2 survivors (2048K)
 Metaspace       used 111680K, capacity 115019K, committed 115328K, reserved 1148928K
  class space    used 14478K, capacity 15680K, committed 15744K, reserved 1048576K
}
Event: 40.787 GC heap before
{Heap before GC invocations=51 (full 0):
 garbage-first heap   total 227328K, used 180435K [0x0000000080000000, 0x0000000100000000)
  region size 1024K, 18 young (18432K), 2 survivors (2048K)
 Metaspace       used 111835K, capacity 115187K, committed 115328K, reserved 1148928K
  class space    used 14492K, capacity 15684K, committed 15744K, reserved 1048576K
}
Event: 40.798 GC heap after
{Heap after GC invocations=52 (full 0):
 garbage-first heap   total 227328K, used 165830K [0x0000000080000000, 0x0000000100000000)
  region size 1024K, 2 young (2048K), 2 survivors (2048K)
 Metaspace       used 111835K, capacity 115187K, committed 115328K, reserved 1148928K
  class space    used 14492K, capacity 15684K, committed 15744K, reserved 1048576K
}
Event: 40.942 GC heap before
{Heap before GC invocations=53 (full 0):
 garbage-first heap   total 227328K, used 184262K [0x0000000080000000, 0x0000000100000000)
  region size 1024K, 20 young (20480K), 2 survivors (2048K)
 Metaspace       used 112449K, capacity 115909K, committed 115968K, reserved 1148928K
  class space    used 14580K, capacity 15821K, committed 15872K, reserved 1048576K
}
Event: 40.958 GC heap after
{Heap after GC invocations=54 (full 0):
 garbage-first heap   total 291840K, used 170216K [0x0000000080000000, 0x0000000100000000)
  region size 1024K, 3 young (3072K), 3 survivors (3072K)
 Metaspace       used 112449K, capacity 115909K, committed 115968K, reserved 1148928K
  class space    used 14580K, capacity 15821K, committed 15872K, reserved 1048576K
}
Event: 40.997 GC heap before
{Heap before GC invocations=54 (full 0):
 garbage-first heap   total 291840K, used 180456K [0x0000000080000000, 0x0000000100000000)
  region size 1024K, 14 young (14336K), 3 survivors (3072K)
 Metaspace       used 112503K, capacity 115921K, committed 115968K, reserved 1148928K
  class space    used 14585K, capacity 15826K, committed 15872K, reserved 1048576K
}
Event: 41.009 GC heap after
{Heap after GC invocations=55 (full 0):
 garbage-first heap   total 291840K, used 171264K [0x0000000080000000, 0x0000000100000000)
  region size 1024K, 2 young (2048K), 2 survivors (2048K)
 Metaspace       used 112503K, capacity 115921K, committed 115968K, reserved 1148928K
  class space    used 14585K, capacity 15826K, committed 15872K, reserved 1048576K
}
Event: 41.261 GC heap before
{Heap before GC invocations=55 (full 0):
 garbage-first heap   total 291840K, used 210176K [0x0000000080000000, 0x0000000100000000)
  region size 1024K, 41 young (41984K), 2 survivors (2048K)
 Metaspace       used 114220K, capacity 117757K, committed 117888K, reserved 1150976K
  class space    used 14861K, capacity 16140K, committed 16256K, reserved 1048576K
}
Event: 41.277 GC heap after
{Heap after GC invocations=56 (full 0):
 garbage-first heap   total 291840K, used 181098K [0x0000000080000000, 0x0000000100000000)
  region size 1024K, 6 young (6144K), 6 survivors (6144K)
 Metaspace       used 114220K, capacity 117757K, committed 117888K, reserved 1150976K
  class space    used 14861K, capacity 16140K, committed 16256K, reserved 1048576K
}
Event: 41.743 GC heap before
{Heap before GC invocations=56 (full 0):
 garbage-first heap   total 291840K, used 220010K [0x0000000080000000, 0x0000000100000000)
  region size 1024K, 44 young (45056K), 6 survivors (6144K)
 Metaspace       used 116309K, capacity 120071K, committed 120192K, reserved 1153024K
  class space    used 15102K, capacity 16458K, committed 16512K, reserved 1048576K
}
Event: 41.758 GC heap after
{Heap after GC invocations=57 (full 0):
 garbage-first heap   total 291840K, used 186154K [0x0000000080000000, 0x0000000100000000)
  region size 1024K, 4 young (4096K), 4 survivors (4096K)
 Metaspace       used 116309K, capacity 120071K, committed 120192K, reserved 1153024K
  class space    used 15102K, capacity 16458K, committed 16512K, reserved 1048576K
}
Event: 42.142 GC heap before
{Heap before GC invocations=57 (full 0):
 garbage-first heap   total 291840K, used 224042K [0x0000000080000000, 0x0000000100000000)
  region size 1024K, 42 young (43008K), 4 survivors (4096K)
 Metaspace       used 116932K, capacity 120719K, committed 120832K, reserved 1153024K
  class space    used 15176K, capacity 16541K, committed 16640K, reserved 1048576K
}

