# JRE version: OpenJDK Runtime Environment (11.0.10) (build 11.0.10+0-b96-7249189)
# Java VM: OpenJDK 64-Bit Server VM (11.0.10+0-b96-7249189, mixed mode, tiered, compressed oops, g1 gc, windows-amd64)
Heap:
 garbage-first heap   total 473088K, used 189600K [0x0000000080000000, 0x0000000100000000)
  region size 1024K, 2 young (2048K), 2 survivors (2048K)
 Metaspace       used 143841K, capacity 148559K, committed 148684K, reserved 1177600K
  class space    used 18006K, capacity 19626K, committed 19660K, reserved 1048576K
GC Heap History (20 events):
Event: 6573.148 GC heap after
{Heap after GC invocations=145 (full 0):
 garbage-first heap   total 227328K, used 125400K [0x0000000080000000, 0x0000000100000000)
  region size 1024K, 2 young (2048K), 2 survivors (2048K)
 Metaspace       used 143077K, capacity 147641K, committed 147916K, reserved 1177600K
  class space    used 17967K, capacity 19588K, committed 19660K, reserved 1048576K
}
Event: 6573.723 GC heap before
{Heap before GC invocations=146 (full 0):
 garbage-first heap   total 227328K, used 171480K [0x0000000080000000, 0x0000000100000000)
  region size 1024K, 47 young (48128K), 2 survivors (2048K)
 Metaspace       used 143109K, capacity 147644K, committed 147916K, reserved 1177600K
  class space    used 17967K, capacity 19589K, committed 19660K, reserved 1048576K
}
Event: 6573.729 GC heap after
{Heap after GC invocations=147 (full 0):
 garbage-first heap   total 227328K, used 126821K [0x0000000080000000, 0x0000000100000000)
  region size 1024K, 3 young (3072K), 3 survivors (3072K)
 Metaspace       used 143109K, capacity 147644K, committed 147916K, reserved 1177600K
  class space    used 17967K, capacity 19589K, committed 19660K, reserved 1048576K
}
Event: 6573.918 GC heap before
{Heap before GC invocations=147 (full 0):
 garbage-first heap   total 227328K, used 174949K [0x0000000080000000, 0x0000000100000000)
  region size 1024K, 50 young (51200K), 3 survivors (3072K)
 Metaspace       used 143119K, capacity 147644K, committed 147916K, reserved 1177600K
  class space    used 17967K, capacity 19589K, committed 19660K, reserved 1048576K
}
Event: 6573.926 GC heap after
{Heap after GC invocations=148 (full 0):
 garbage-first heap   total 227328K, used 128279K [0x0000000080000000, 0x0000000100000000)
  region size 1024K, 5 young (5120K), 5 survivors (5120K)
 Metaspace       used 143119K, capacity 147644K, committed 147916K, reserved 1177600K
  class space    used 17967K, capacity 19589K, committed 19660K, reserved 1048576K
}
Event: 6574.508 GC heap before
{Heap before GC invocations=149 (full 0):
 garbage-first heap   total 227328K, used 177431K [0x0000000080000000, 0x0000000100000000)
  region size 1024K, 53 young (54272K), 5 survivors (5120K)
 Metaspace       used 143141K, capacity 147645K, committed 147916K, reserved 1177600K
  class space    used 17967K, capacity 19589K, committed 19660K, reserved 1048576K
}
Event: 6574.513 GC heap after
{Heap after GC invocations=150 (full 0):
 garbage-first heap   total 227328K, used 126349K [0x0000000080000000, 0x0000000100000000)
  region size 1024K, 2 young (2048K), 2 survivors (2048K)
 Metaspace       used 143141K, capacity 147645K, committed 147916K, reserved 1177600K
  class space    used 17967K, capacity 19589K, committed 19660K, reserved 1048576K
}
Event: 6575.474 GC heap before
{Heap before GC invocations=150 (full 0):
 garbage-first heap   total 227328K, used 164237K [0x0000000080000000, 0x0000000100000000)
  region size 1024K, 41 young (41984K), 2 survivors (2048K)
 Metaspace       used 143498K, capacity 148148K, committed 148428K, reserved 1177600K
  class space    used 18002K, capacity 19621K, committed 19660K, reserved 1048576K
}
Event: 6575.480 GC heap after
{Heap after GC invocations=151 (full 0):
 garbage-first heap   total 227328K, used 124036K [0x0000000080000000, 0x0000000100000000)
  region size 1024K, 2 young (2048K), 2 survivors (2048K)
 Metaspace       used 143498K, capacity 148148K, committed 148428K, reserved 1177600K
  class space    used 18002K, capacity 19621K, committed 19660K, reserved 1048576K
}
Event: 6576.114 GC heap before
{Heap before GC invocations=152 (full 0):
 garbage-first heap   total 227328K, used 192644K [0x0000000080000000, 0x0000000100000000)
  region size 1024K, 58 young (59392K), 2 survivors (2048K)
 Metaspace       used 143516K, capacity 148148K, committed 148428K, reserved 1177600K
  class space    used 18002K, capacity 19621K, committed 19660K, reserved 1048576K
}
Event: 6576.123 GC heap after
{Heap after GC invocations=153 (full 0):
 garbage-first heap   total 227328K, used 138748K [0x0000000080000000, 0x0000000100000000)
  region size 1024K, 8 young (8192K), 8 survivors (8192K)
 Metaspace       used 143516K, capacity 148148K, committed 148428K, reserved 1177600K
  class space    used 18002K, capacity 19621K, committed 19660K, reserved 1048576K
}
Event: 6576.133 GC heap before
{Heap before GC invocations=153 (full 0):
 garbage-first heap   total 227328K, used 140796K [0x0000000080000000, 0x0000000100000000)
  region size 1024K, 11 young (11264K), 8 survivors (8192K)
 Metaspace       used 143517K, capacity 148148K, committed 148428K, reserved 1177600K
  class space    used 18002K, capacity 19621K, committed 19660K, reserved 1048576K
}
Event: 6576.155 GC heap after
{Heap after GC invocations=154 (full 0):
 garbage-first heap   total 273408K, used 139842K [0x0000000080000000, 0x0000000100000000)
  region size 1024K, 2 young (2048K), 2 survivors (2048K)
 Metaspace       used 143517K, capacity 148148K, committed 148428K, reserved 1177600K
  class space    used 18002K, capacity 19621K, committed 19660K, reserved 1048576K
}
Event: 6576.538 GC heap before
{Heap before GC invocations=154 (full 0):
 garbage-first heap   total 273408K, used 214594K [0x0000000080000000, 0x0000000100000000)
  region size 1024K, 75 young (76800K), 2 survivors (2048K)
 Metaspace       used 143743K, capacity 148428K, committed 148684K, reserved 1177600K
  class space    used 18006K, capacity 19626K, committed 19660K, reserved 1048576K
}
Event: 6576.600 GC heap after
{Heap after GC invocations=155 (full 0):
 garbage-first heap   total 273408K, used 172430K [0x0000000080000000, 0x0000000100000000)
  region size 1024K, 10 young (10240K), 10 survivors (10240K)
 Metaspace       used 143743K, capacity 148428K, committed 148684K, reserved 1177600K
  class space    used 18006K, capacity 19626K, committed 19660K, reserved 1048576K
}
Event: 6576.919 GC heap before
{Heap before GC invocations=155 (full 0):
 garbage-first heap   total 273408K, used 200078K [0x0000000080000000, 0x0000000100000000)
  region size 1024K, 36 young (36864K), 10 survivors (10240K)
 Metaspace       used 143823K, capacity 148494K, committed 148684K, reserved 1177600K
  class space    used 18006K, capacity 19626K, committed 19660K, reserved 1048576K
}
Event: 6576.951 GC heap after
{Heap after GC invocations=156 (full 0):
 garbage-first heap   total 273408K, used 181677K [0x0000000080000000, 0x0000000100000000)
  region size 1024K, 5 young (5120K), 5 survivors (5120K)
 Metaspace       used 143823K, capacity 148494K, committed 148684K, reserved 1177600K
  class space    used 18006K, capacity 19626K, committed 19660K, reserved 1048576K
}
Event: 6577.427 GC heap before
{Heap before GC invocations=157 (full 0):
 garbage-first heap   total 273408K, used 221613K [0x0000000080000000, 0x0000000100000000)
  region size 1024K, 42 young (43008K), 5 survivors (5120K)
 Metaspace       used 143841K, capacity 148559K, committed 148684K, reserved 1177600K
  class space    used 18006K, capacity 19626K, committed 19660K, reserved 1048576K
}
Event: 6577.441 GC heap after
{Heap after GC invocations=158 (full 0):
 garbage-first heap   total 273408K, used 191030K [0x0000000080000000, 0x0000000100000000)
  region size 1024K, 6 young (6144K), 6 survivors (6144K)
 Metaspace       used 143841K, capacity 148559K, committed 148684K, reserved 1177600K
  class space    used 18006K, capacity 19626K, committed 19660K, reserved 1048576K
}
Event: 6577.526 GC heap before
{Heap before GC invocations=158 (full 0):
 garbage-first heap   total 273408K, used 197174K [0x0000000080000000, 0x0000000100000000)
  region size 1024K, 13 young (13312K), 6 survivors (6144K)
 Metaspace       used 143841K, capacity 148559K, committed 148684K, reserved 1177600K
  class space    used 18006K, capacity 19626K, committed 19660K, reserved 1048576K
}

